Using pre-set license
Built from '2021.3/staging' branch; Version is '2021.3.9f1 (ad3870b89536) revision 11352176'; Using compiler version '192829333'; Build Type 'Release'
OS: 'Windows 11  (10.0.22621) 64bit CoreSingleLanguage' Language: 'es' Physical Memory: 8061 MB
BatchMode: 1, IsHumanControllingUs: 0, StartBugReporterOnCrash: 0, Is64bit: 1, IsPro: 1

COMMAND LINE ARGUMENTS:
D:\Editor Unity\2021.3.9f1\Editor\Unity.exe
-adb2
-batchMode
-noUpm
-name
AssetImportWorker0
-projectPath
D:/Carpetas de Git/HorrorGameProyect/HorrorGame/HorrorGame
-logFile
Logs/AssetImportWorker0.log
-srvPort
55085
Successfully changed project path to: D:/Carpetas de Git/HorrorGameProyect/HorrorGame/HorrorGame
D:/Carpetas de Git/HorrorGameProyect/HorrorGame/HorrorGame
[UnityMemory] Configuration Parameters - Can be set up in boot.config
    "memorysetup-bucket-allocator-granularity=16"
    "memorysetup-bucket-allocator-bucket-count=8"
    "memorysetup-bucket-allocator-block-size=33554432"
    "memorysetup-bucket-allocator-block-count=8"
    "memorysetup-main-allocator-block-size=16777216"
    "memorysetup-thread-allocator-block-size=16777216"
    "memorysetup-gfx-main-allocator-block-size=16777216"
    "memorysetup-gfx-thread-allocator-block-size=16777216"
    "memorysetup-cache-allocator-block-size=4194304"
    "memorysetup-typetree-allocator-block-size=2097152"
    "memorysetup-profiler-bucket-allocator-granularity=16"
    "memorysetup-profiler-bucket-allocator-bucket-count=8"
    "memorysetup-profiler-bucket-allocator-block-size=33554432"
    "memorysetup-profiler-bucket-allocator-block-count=8"
    "memorysetup-profiler-allocator-block-size=16777216"
    "memorysetup-profiler-editor-allocator-block-size=1048576"
    "memorysetup-temp-allocator-size-main=16777216"
    "memorysetup-job-temp-allocator-block-size=2097152"
    "memorysetup-job-temp-allocator-block-size-background=1048576"
    "memorysetup-job-temp-allocator-reduction-small-platforms=262144"
    "memorysetup-temp-allocator-size-background-worker=32768"
    "memorysetup-temp-allocator-size-job-worker=262144"
    "memorysetup-temp-allocator-size-preload-manager=33554432"
    "memorysetup-temp-allocator-size-nav-mesh-worker=65536"
    "memorysetup-temp-allocator-size-audio-worker=65536"
    "memorysetup-temp-allocator-size-cloud-worker=32768"
    "memorysetup-temp-allocator-size-gi-baking-worker=262144"
    "memorysetup-temp-allocator-size-gfx=262144"
Refreshing native plugins compatible for Editor in 88.49 ms, found 3 plugins.
Preloading 0 native plugins for Editor in 0.00 ms.
Initialize engine version: 2021.3.9f1 (ad3870b89536)
[Subsystems] Discovering subsystems at path D:/Editor Unity/2021.3.9f1/Editor/Data/Resources/UnitySubsystems
[Subsystems] Discovering subsystems at path D:/Carpetas de Git/HorrorGameProyect/HorrorGame/HorrorGame/Assets
GfxDevice: creating device client; threaded=0; jobified=0
Direct3D:
    Version:  Direct3D 11.0 [level 11.1]
    Renderer: NVIDIA GeForce RTX 2060 (ID=0x1f15)
    Vendor:   NVIDIA
    VRAM:     5968 MB
    Driver:   31.0.15.2698
Initialize mono
Mono path[0] = 'D:/Editor Unity/2021.3.9f1/Editor/Data/Managed'
Mono path[1] = 'D:/Editor Unity/2021.3.9f1/Editor/Data/MonoBleedingEdge/lib/mono/unityjit-win32'
Mono config path = 'D:/Editor Unity/2021.3.9f1/Editor/Data/MonoBleedingEdge/etc'
Using monoOptions --debugger-agent=transport=dt_socket,embedding=1,server=y,suspend=n,address=127.0.0.1:56188
Begin MonoManager ReloadAssembly
Registering precompiled unity dll's ...
Register platform support module: D:/Editor Unity/2021.3.9f1/Editor/Data/PlaybackEngines/WebGLSupport/UnityEditor.WebGL.Extensions.dll
Register platform support module: D:/Editor Unity/2021.3.9f1/Editor/Data/PlaybackEngines/WindowsStandaloneSupport/UnityEditor.WindowsStandalone.Extensions.dll
Registered in 0.002155 seconds.
Native extension for WindowsStandalone target not found
Native extension for WebGL target not found
Refreshing native plugins compatible for Editor in 84.73 ms, found 3 plugins.
Preloading 0 native plugins for Editor in 0.00 ms.
Mono: successfully reloaded assembly
- Completed reload, in  0.642 seconds
Domain Reload Profiling:
	ReloadAssembly (642ms)
		BeginReloadAssembly (90ms)
			ExecutionOrderSort (0ms)
			DisableScriptedObjects (0ms)
			BackupInstance (0ms)
			ReleaseScriptingObjects (0ms)
			CreateAndSetChildDomain (1ms)
		EndReloadAssembly (454ms)
			LoadAssemblies (91ms)
			RebuildTransferFunctionScriptingTraits (0ms)
			SetupTypeCache (108ms)
			ReleaseScriptCaches (0ms)
			RebuildScriptCaches (28ms)
			SetupLoadedEditorAssemblies (271ms)
				LogAssemblyErrors (0ms)
				InitializePlatformSupportModulesInManaged (7ms)
				SetLoadedEditorAssemblies (0ms)
				RefreshPlugins (85ms)
				BeforeProcessingInitializeOnLoad (1ms)
				ProcessInitializeOnLoadAttributes (132ms)
				ProcessInitializeOnLoadMethodAttributes (46ms)
				AfterProcessingInitializeOnLoad (0ms)
				EditorAssembliesLoaded (0ms)
			ExecutionOrderSort2 (0ms)
			AwakeInstancesAfterBackupRestoration (0ms)
Platform modules already initialized, skipping
Registering precompiled user dll's ...
Registered in 0.005704 seconds.
Begin MonoManager ReloadAssembly
Native extension for WindowsStandalone target not found
Native extension for WebGL target not found
Refreshing native plugins compatible for Editor in 0.83 ms, found 3 plugins.
Preloading 0 native plugins for Editor in 0.00 ms.
Mono: successfully reloaded assembly
- Completed reload, in  1.061 seconds
Domain Reload Profiling:
	ReloadAssembly (1062ms)
		BeginReloadAssembly (135ms)
			ExecutionOrderSort (0ms)
			DisableScriptedObjects (5ms)
			BackupInstance (0ms)
			ReleaseScriptingObjects (0ms)
			CreateAndSetChildDomain (20ms)
		EndReloadAssembly (816ms)
			LoadAssemblies (119ms)
			RebuildTransferFunctionScriptingTraits (0ms)
			SetupTypeCache (282ms)
			ReleaseScriptCaches (1ms)
			RebuildScriptCaches (52ms)
			SetupLoadedEditorAssemblies (359ms)
				LogAssemblyErrors (0ms)
				InitializePlatformSupportModulesInManaged (5ms)
				SetLoadedEditorAssemblies (0ms)
				RefreshPlugins (1ms)
				BeforeProcessingInitializeOnLoad (83ms)
				ProcessInitializeOnLoadAttributes (239ms)
				ProcessInitializeOnLoadMethodAttributes (28ms)
				AfterProcessingInitializeOnLoad (2ms)
				EditorAssembliesLoaded (0ms)
			ExecutionOrderSort2 (0ms)
			AwakeInstancesAfterBackupRestoration (5ms)
Platform modules already initialized, skipping
========================================================================
Worker process is ready to serve import requests
Launched and connected shader compiler UnityShaderCompiler.exe after 0.05 seconds
Refreshing native plugins compatible for Editor in 0.72 ms, found 3 plugins.
Preloading 0 native plugins for Editor in 0.00 ms.
Unloading 3466 Unused Serialized files (Serialized files now loaded: 0)
Unloading 27 unused Assets / (111.7 KB). Loaded Objects now: 3931.
Memory consumption went from 124.8 MB to 124.7 MB.
Total: 3.724200 ms (FindLiveObjects: 0.454900 ms CreateObjectMapping: 0.195100 ms MarkObjects: 2.942800 ms  DeleteObjects: 0.129900 ms)

AssetImportParameters requested are different than current active one (requested -> active):
  custom:video-decoder-ogg-theora: a1e56fd34408186e4bbccfd4996cb3dc -> 
  custom:container-muxer-webm: aa71ff27fc2769a1b78a27578f13a17b -> 
  custom:container-demuxer-webm: 4f35f7cbe854078d1ac9338744f61a02 -> 
  custom:video-encoder-webm-vp8: eb34c28f22e8b96e1ab97ce403110664 -> 
  custom:video-codec-MediaFoundation-h265: 746d11721c4dcdbdad8f713fa42b33f4 -> 
  custom:audio-encoder-webm-vorbis: bf7c407c2cedff20999df2af8eb42d56 -> 
  custom:framework-win-MediaFoundation: 216162199b28c13a410421893ffa2e32 -> 
  custom:container-demuxer-ogg: 62fdf1f143b41e24485cea50d1cbac27 -> 
  custom:video-decoder-webm-vp8: 9c59270c3fd7afecdb556c50c9e8de78 -> 
  custom:audio-decoder-ogg-vorbis: bf7c407c2cedff20999df2af8eb42d56 -> 
========================================================================
Received Import Request.
  Time since last request: 90110.905995 seconds.
  path: Assets/UrbanNightSky
  artifactKey: Guid(3ae236c7f46d97d4591dfce168541246) Importer(815301076,1909f56bfc062723c751e8b465ee728b)
Start importing Assets/UrbanNightSky using Guid(3ae236c7f46d97d4591dfce168541246) Importer(815301076,1909f56bfc062723c751e8b465ee728b)  -> (artifact id: '23a2221eea1e2bb987a15d548675b64b') in 0.011249 seconds 
========================================================================
Received Import Request.
  Time since last request: 2.440332 seconds.
  path: Assets/Ambulance
  artifactKey: Guid(778d334b53b0b68419961681f0fd10e1) Importer(815301076,1909f56bfc062723c751e8b465ee728b)
Start importing Assets/Ambulance using Guid(778d334b53b0b68419961681f0fd10e1) Importer(815301076,1909f56bfc062723c751e8b465ee728b)  -> (artifact id: '4aca2055529b0fbdfe1dd4b313a15cb2') in 0.007656 seconds 
========================================================================
Received Import Request.
  Time since last request: 0.695861 seconds.
  path: Assets/Ambulance/Prefab
  artifactKey: Guid(940f6ba0072292f439ec9c1746723d83) Importer(815301076,1909f56bfc062723c751e8b465ee728b)
Start importing Assets/Ambulance/Prefab using Guid(940f6ba0072292f439ec9c1746723d83) Importer(815301076,1909f56bfc062723c751e8b465ee728b)  -> (artifact id: '575c6289ac044177457eb72d1efc2673') in 0.011977 seconds 
========================================================================
Received Import Request.
  Time since last request: 0.007914 seconds.
  path: Assets/Ambulance/Prefab/Ambulance_damage.prefab
  artifactKey: Guid(a36b609e33fb04b4596c17fd7f459123) Importer(815301076,1909f56bfc062723c751e8b465ee728b)
Start importing Assets/Ambulance/Prefab/Ambulance_damage.prefab using Guid(a36b609e33fb04b4596c17fd7f459123) Importer(815301076,1909f56bfc062723c751e8b465ee728b)  -> (artifact id: 'ed41ba5f21dd4883770098c225a1bfa8') in 0.098293 seconds 
========================================================================
Received Import Request.
  Time since last request: 263.719925 seconds.
  path: Assets/SpaceZeta_StreetLamps
  artifactKey: Guid(ce2d58065d346f74fb02405129dbe575) Importer(815301076,1909f56bfc062723c751e8b465ee728b)
Start importing Assets/SpaceZeta_StreetLamps using Guid(ce2d58065d346f74fb02405129dbe575) Importer(815301076,1909f56bfc062723c751e8b465ee728b)  -> (artifact id: '3d81c2bb74432035879e453a13b22313') in 0.007658 seconds 
========================================================================
Received Import Request.
  Time since last request: 0.097491 seconds.
  path: Assets/SpaceZeta_StreetLamps/Floor_mat.mat
  artifactKey: Guid(194a7e2c4a9fc5f409dca86a97e93fea) Importer(815301076,1909f56bfc062723c751e8b465ee728b)
Start importing Assets/SpaceZeta_StreetLamps/Floor_mat.mat using Guid(194a7e2c4a9fc5f409dca86a97e93fea) Importer(815301076,1909f56bfc062723c751e8b465ee728b)  -> (artifact id: 'e608365483a664e2e1e7c7149abbc9ee') in 0.844878 seconds 
========================================================================
Received Import Request.
  Time since last request: 1.964540 seconds.
  path: Assets/SpaceZeta_StreetLamps/Prefabs
  artifactKey: Guid(94c6d5f63a766ee40902e79b87781cfc) Importer(815301076,1909f56bfc062723c751e8b465ee728b)
Start importing Assets/SpaceZeta_StreetLamps/Prefabs using Guid(94c6d5f63a766ee40902e79b87781cfc) Importer(815301076,1909f56bfc062723c751e8b465ee728b)  -> (artifact id: '953b00da665bfaa40fba25af14eaa6cd') in 0.026413 seconds 
========================================================================
Received Import Request.
  Time since last request: 0.061123 seconds.
  path: Assets/SpaceZeta_StreetLamps/Prefabs/StreetLamp1_Short (Concrete).prefab
  artifactKey: Guid(e55f449d142443c4c96764e849da910a) Importer(815301076,1909f56bfc062723c751e8b465ee728b)
Start importing Assets/SpaceZeta_StreetLamps/Prefabs/StreetLamp1_Short (Concrete).prefab using Guid(e55f449d142443c4c96764e849da910a) Importer(815301076,1909f56bfc062723c751e8b465ee728b)  -> (artifact id: 'f84dfb1ed0bbc347c53eb2cfafbcb674') in 1.466735 seconds 
========================================================================
Received Import Request.
  Time since last request: 0.000041 seconds.
  path: Assets/SpaceZeta_StreetLamps/Prefabs/StreetLamp1_TallDouble (Wood).prefab
  artifactKey: Guid(72cfa7da0ceba1548817523ae7ddacc5) Importer(815301076,1909f56bfc062723c751e8b465ee728b)
Start importing Assets/SpaceZeta_StreetLamps/Prefabs/StreetLamp1_TallDouble (Wood).prefab using Guid(72cfa7da0ceba1548817523ae7ddacc5) Importer(815301076,1909f56bfc062723c751e8b465ee728b)  -> (artifact id: '55d4fa4a821d1a0327b077787397f329') in 0.054698 seconds 
========================================================================
Received Import Request.
  Time since last request: 0.000047 seconds.
  path: Assets/SpaceZeta_StreetLamps/Prefabs/StreetLamp2_Short (Black).prefab
  artifactKey: Guid(5106b120de5d21a418f77180c26f1c45) Importer(815301076,1909f56bfc062723c751e8b465ee728b)
Start importing Assets/SpaceZeta_StreetLamps/Prefabs/StreetLamp2_Short (Black).prefab using Guid(5106b120de5d21a418f77180c26f1c45) Importer(815301076,1909f56bfc062723c751e8b465ee728b)  -> (artifact id: 'f31d47b4335d92d9e0a7efdef88bc85a') in 0.033607 seconds 
========================================================================
Received Import Request.
  Time since last request: 0.000038 seconds.
  path: Assets/SpaceZeta_StreetLamps/Prefabs/StreetLamp2_ShortDouble (Black).prefab
  artifactKey: Guid(683754683c8213e4ea879026d84be241) Importer(815301076,1909f56bfc062723c751e8b465ee728b)
Start importing Assets/SpaceZeta_StreetLamps/Prefabs/StreetLamp2_ShortDouble (Black).prefab using Guid(683754683c8213e4ea879026d84be241) Importer(815301076,1909f56bfc062723c751e8b465ee728b)  -> (artifact id: 'f759e3264f4591993ce18947aa0efa32') in 0.042139 seconds 
========================================================================
Received Import Request.
  Time since last request: 0.000026 seconds.
  path: Assets/SpaceZeta_StreetLamps/Prefabs/StreetLamp1_Tall (Concrete).prefab
  artifactKey: Guid(d72ff925f26cac64eab6c2d0b0414f4e) Importer(815301076,1909f56bfc062723c751e8b465ee728b)
Start importing Assets/SpaceZeta_StreetLamps/Prefabs/StreetLamp1_Tall (Concrete).prefab using Guid(d72ff925f26cac64eab6c2d0b0414f4e) Importer(815301076,1909f56bfc062723c751e8b465ee728b)  -> (artifact id: '351f74a2fc5f38390a94352a6cbec57a') in 0.041705 seconds 
========================================================================
Received Import Request.
  Time since last request: 0.000070 seconds.
  path: Assets/SpaceZeta_StreetLamps/Prefabs/StreetLamp2_TallDouble (Black).prefab
  artifactKey: Guid(4b9bd71fee0217e45867eb0d17f859b2) Importer(815301076,1909f56bfc062723c751e8b465ee728b)
Start importing Assets/SpaceZeta_StreetLamps/Prefabs/StreetLamp2_TallDouble (Black).prefab using Guid(4b9bd71fee0217e45867eb0d17f859b2) Importer(815301076,1909f56bfc062723c751e8b465ee728b)  -> (artifact id: '4d5f2500f8d8554adc2dde0a96520a7b') in 0.030537 seconds 
========================================================================
Received Import Request.
  Time since last request: 0.000086 seconds.
  path: Assets/SpaceZeta_StreetLamps/Prefabs/StreetLamp2_Tall (Black).prefab
  artifactKey: Guid(0ac8c7292c9cebe40af67618c9d536b3) Importer(815301076,1909f56bfc062723c751e8b465ee728b)
Start importing Assets/SpaceZeta_StreetLamps/Prefabs/StreetLamp2_Tall (Black).prefab using Guid(0ac8c7292c9cebe40af67618c9d536b3) Importer(815301076,1909f56bfc062723c751e8b465ee728b)  -> (artifact id: 'c029a299657a0189434a3b4dbc412b88') in 0.036790 seconds 
========================================================================
Received Import Request.
  Time since last request: 0.000036 seconds.
  path: Assets/SpaceZeta_StreetLamps/Prefabs/StreetLamp2_ShortDouble (Concrete).prefab
  artifactKey: Guid(d637864fd6d99f24c976d61f894c2ae5) Importer(815301076,1909f56bfc062723c751e8b465ee728b)
Start importing Assets/SpaceZeta_StreetLamps/Prefabs/StreetLamp2_ShortDouble (Concrete).prefab using Guid(d637864fd6d99f24c976d61f894c2ae5) Importer(815301076,1909f56bfc062723c751e8b465ee728b)  -> (artifact id: 'c168438886096cf5ca9922a2583cdb7b') in 0.029071 seconds 
========================================================================
Received Prepare
Registering precompiled user dll's ...
Registered in 0.004761 seconds.
Begin MonoManager ReloadAssembly
Native extension for WindowsStandalone target not found
Native extension for WebGL target not found
Refreshing native plugins compatible for Editor in 0.75 ms, found 3 plugins.
Preloading 0 native plugins for Editor in 0.00 ms.
Mono: successfully reloaded assembly
- Completed reload, in  1.124 seconds
Domain Reload Profiling:
	ReloadAssembly (1125ms)
		BeginReloadAssembly (154ms)
			ExecutionOrderSort (0ms)
			DisableScriptedObjects (4ms)
			BackupInstance (0ms)
			ReleaseScriptingObjects (0ms)
			CreateAndSetChildDomain (41ms)
		EndReloadAssembly (872ms)
			LoadAssemblies (116ms)
			RebuildTransferFunctionScriptingTraits (0ms)
			SetupTypeCache (362ms)
			ReleaseScriptCaches (1ms)
			RebuildScriptCaches (42ms)
			SetupLoadedEditorAssemblies (331ms)
				LogAssemblyErrors (0ms)
				InitializePlatformSupportModulesInManaged (13ms)
				SetLoadedEditorAssemblies (1ms)
				RefreshPlugins (1ms)
				BeforeProcessingInitializeOnLoad (62ms)
				ProcessInitializeOnLoadAttributes (222ms)
				ProcessInitializeOnLoadMethodAttributes (29ms)
				AfterProcessingInitializeOnLoad (3ms)
				EditorAssembliesLoaded (0ms)
			ExecutionOrderSort2 (0ms)
			AwakeInstancesAfterBackupRestoration (8ms)
Platform modules already initialized, skipping
Refreshing native plugins compatible for Editor in 2.14 ms, found 3 plugins.
Preloading 0 native plugins for Editor in 0.00 ms.
Unloading 3448 Unused Serialized files (Serialized files now loaded: 0)
Unloading 20 unused Assets / (79.0 KB). Loaded Objects now: 3975.
Memory consumption went from 128.4 MB to 128.3 MB.
Total: 3.936500 ms (FindLiveObjects: 0.364400 ms CreateObjectMapping: 0.203100 ms MarkObjects: 3.240500 ms  DeleteObjects: 0.125600 ms)

AssetImportParameters requested are different than current active one (requested -> active):
  custom:video-decoder-ogg-theora: a1e56fd34408186e4bbccfd4996cb3dc -> 
  custom:container-muxer-webm: aa71ff27fc2769a1b78a27578f13a17b -> 
  custom:container-demuxer-webm: 4f35f7cbe854078d1ac9338744f61a02 -> 
  custom:video-encoder-webm-vp8: eb34c28f22e8b96e1ab97ce403110664 -> 
  custom:video-codec-MediaFoundation-h265: 746d11721c4dcdbdad8f713fa42b33f4 -> 
  custom:audio-encoder-webm-vorbis: bf7c407c2cedff20999df2af8eb42d56 -> 
  custom:framework-win-MediaFoundation: 216162199b28c13a410421893ffa2e32 -> 
  custom:container-demuxer-ogg: 62fdf1f143b41e24485cea50d1cbac27 -> 
  custom:video-decoder-webm-vp8: 9c59270c3fd7afecdb556c50c9e8de78 -> 
  custom:audio-decoder-ogg-vorbis: bf7c407c2cedff20999df2af8eb42d56 -> 
========================================================================
Received Import Request.
  Time since last request: 502.490908 seconds.
  path: Assets/Free_Barrel/Prefab/Splash.prefab
  artifactKey: Guid(ebcf2cb753947f14d9aceef7636cd047) Importer(815301076,1909f56bfc062723c751e8b465ee728b)
Start importing Assets/Free_Barrel/Prefab/Splash.prefab using Guid(ebcf2cb753947f14d9aceef7636cd047) Importer(815301076,1909f56bfc062723c751e8b465ee728b)  -> (artifact id: 'df81d801d51da6d8b16d246b44a25ac3') in 0.554177 seconds 
========================================================================
Received Import Request.
  Time since last request: 226.185580 seconds.
  path: Assets/Materials/Llaves2.mat
  artifactKey: Guid(92541d56e3c89db4899309a5dcf3c208) Importer(815301076,1909f56bfc062723c751e8b465ee728b)
Start importing Assets/Materials/Llaves2.mat using Guid(92541d56e3c89db4899309a5dcf3c208) Importer(815301076,1909f56bfc062723c751e8b465ee728b)  -> (artifact id: '6a5fca45762fe1d9fdce065ddcd97c95') in 0.075513 seconds 
========================================================================
Received Import Request.
  Time since last request: 0.000041 seconds.
  path: Assets/Materials/Muro de sangre.mat
  artifactKey: Guid(7029ae159a43ae54f8f14d033d7c52d3) Importer(815301076,1909f56bfc062723c751e8b465ee728b)
Start importing Assets/Materials/Muro de sangre.mat using Guid(7029ae159a43ae54f8f14d033d7c52d3) Importer(815301076,1909f56bfc062723c751e8b465ee728b)  -> (artifact id: '416a6be25745eb9140fc6a33c3dbdb0f') in 0.019051 seconds 
========================================================================
Received Import Request.
  Time since last request: 50.868605 seconds.
  path: Assets/Textures/textures/Ch30_1001_Glossiness.png
  artifactKey: Guid(501a7bc41173d87438624e4df01b54b4) Importer(815301076,1909f56bfc062723c751e8b465ee728b)
Start importing Assets/Textures/textures/Ch30_1001_Glossiness.png using Guid(501a7bc41173d87438624e4df01b54b4) Importer(815301076,1909f56bfc062723c751e8b465ee728b)  -> (artifact id: '802fb866578502caac3227648cc4b37d') in 0.172303 seconds 
========================================================================
Received Import Request.
  Time since last request: 0.000027 seconds.
  path: Assets/Textures/textures/Ch30_1002_Normal.png
  artifactKey: Guid(261c5fa52b9198d47a9452698a3e760a) Importer(815301076,1909f56bfc062723c751e8b465ee728b)
Start importing Assets/Textures/textures/Ch30_1002_Normal.png using Guid(261c5fa52b9198d47a9452698a3e760a) Importer(815301076,1909f56bfc062723c751e8b465ee728b)  -> (artifact id: '2ef2b9d34333cc1201f3f6afe23fd6c1') in 0.226651 seconds 
========================================================================
Received Import Request.
  Time since last request: 0.000047 seconds.
  path: Assets/Textures/textures/Ch30_1002_Diffuse.png
  artifactKey: Guid(856e3cc9306689e499f40385172b5813) Importer(815301076,1909f56bfc062723c751e8b465ee728b)
Start importing Assets/Textures/textures/Ch30_1002_Diffuse.png using Guid(856e3cc9306689e499f40385172b5813) Importer(815301076,1909f56bfc062723c751e8b465ee728b)  -> (artifact id: '250322c126752acd5590c326c40f80e3') in 0.072954 seconds 
========================================================================
Received Import Request.
  Time since last request: 0.000051 seconds.
  path: Assets/Textures/textures/Ch30_1001_Specular.png
  artifactKey: Guid(977675830215def4a9e96a793f710418) Importer(815301076,1909f56bfc062723c751e8b465ee728b)
Start importing Assets/Textures/textures/Ch30_1001_Specular.png using Guid(977675830215def4a9e96a793f710418) Importer(815301076,1909f56bfc062723c751e8b465ee728b)  -> (artifact id: '2992d3e5e8dc2381a15aa6573718175c') in 0.113226 seconds 
Editor requested this worker to shutdown with reason: Scaling down because of idle timeout
AssetImportWorker is now disconnected from the server
Process exiting
Exiting without the bug reporter. Application will terminate with return code 0