Using pre-set license
Built from '2021.3/staging' branch; Version is '2021.3.11f1 (0a5ca18544bf) revision 679073'; Using compiler version '192829333'; Build Type 'Release'
OS: 'Windows 11  (10.0.22621) 64bit CoreSingleLanguage' Language: 'es' Physical Memory: 8042 MB
BatchMode: 1, IsHumanControllingUs: 0, StartBugReporterOnCrash: 0, Is64bit: 1, IsPro: 1

COMMAND LINE ARGUMENTS:
C:\Program Files\Unity\Hub\Editor\2021.3.11f1\Editor\Unity.exe
-adb2
-batchMode
-noUpm
-name
AssetImportWorker2
-projectPath
C:/Users/yoaks/Documents/GitHub/HorrorGame/HorrorGame
-logFile
Logs/AssetImportWorker2.log
-srvPort
49937
Successfully changed project path to: C:/Users/yoaks/Documents/GitHub/HorrorGame/HorrorGame
C:/Users/yoaks/Documents/GitHub/HorrorGame/HorrorGame
[UnityMemory] Configuration Parameters - Can be set up in boot.config
    "memorysetup-bucket-allocator-granularity=16"
    "memorysetup-bucket-allocator-bucket-count=8"
    "memorysetup-bucket-allocator-block-size=33554432"
    "memorysetup-bucket-allocator-block-count=8"
    "memorysetup-main-allocator-block-size=16777216"
    "memorysetup-thread-allocator-block-size=16777216"
    "memorysetup-gfx-main-allocator-block-size=16777216"
    "memorysetup-gfx-thread-allocator-block-size=16777216"
    "memorysetup-cache-allocator-block-size=4194304"
    "memorysetup-typetree-allocator-block-size=2097152"
    "memorysetup-profiler-bucket-allocator-granularity=16"
    "memorysetup-profiler-bucket-allocator-bucket-count=8"
    "memorysetup-profiler-bucket-allocator-block-size=33554432"
    "memorysetup-profiler-bucket-allocator-block-count=8"
    "memorysetup-profiler-allocator-block-size=16777216"
    "memorysetup-profiler-editor-allocator-block-size=1048576"
    "memorysetup-temp-allocator-size-main=16777216"
    "memorysetup-job-temp-allocator-block-size=2097152"
    "memorysetup-job-temp-allocator-block-size-background=1048576"
    "memorysetup-job-temp-allocator-reduction-small-platforms=262144"
    "memorysetup-temp-allocator-size-background-worker=32768"
    "memorysetup-temp-allocator-size-job-worker=262144"
    "memorysetup-temp-allocator-size-preload-manager=33554432"
    "memorysetup-temp-allocator-size-nav-mesh-worker=65536"
    "memorysetup-temp-allocator-size-audio-worker=65536"
    "memorysetup-temp-allocator-size-cloud-worker=32768"
    "memorysetup-temp-allocator-size-gi-baking-worker=262144"
    "memorysetup-temp-allocator-size-gfx=262144"
Refreshing native plugins compatible for Editor in 136.81 ms, found 3 plugins.
Preloading 0 native plugins for Editor in 0.00 ms.
Initialize engine version: 2021.3.11f1 (0a5ca18544bf)
[Subsystems] Discovering subsystems at path C:/Program Files/Unity/Hub/Editor/2021.3.11f1/Editor/Data/Resources/UnitySubsystems
[Subsystems] Discovering subsystems at path C:/Users/yoaks/Documents/GitHub/HorrorGame/HorrorGame/Assets
GfxDevice: creating device client; threaded=0; jobified=0
Direct3D:
    Version:  Direct3D 11.0 [level 11.1]
    Renderer: NVIDIA GeForce GTX 1650 (ID=0x1f91)
    Vendor:   NVIDIA
    VRAM:     3962 MB
    Driver:   30.0.15.1278
Initialize mono
Mono path[0] = 'C:/Program Files/Unity/Hub/Editor/2021.3.11f1/Editor/Data/Managed'
Mono path[1] = 'C:/Program Files/Unity/Hub/Editor/2021.3.11f1/Editor/Data/MonoBleedingEdge/lib/mono/unityjit-win32'
Mono config path = 'C:/Program Files/Unity/Hub/Editor/2021.3.11f1/Editor/Data/MonoBleedingEdge/etc'
Using monoOptions --debugger-agent=transport=dt_socket,embedding=1,server=y,suspend=n,address=127.0.0.1:56592
Begin MonoManager ReloadAssembly
Registering precompiled unity dll's ...
Register platform support module: C:/Program Files/Unity/Hub/Editor/2021.3.11f1/Editor/Data/PlaybackEngines/WindowsStandaloneSupport/UnityEditor.WindowsStandalone.Extensions.dll
Registered in 0.007961 seconds.
Native extension for WindowsStandalone target not found
Refreshing native plugins compatible for Editor in 133.60 ms, found 3 plugins.
Preloading 0 native plugins for Editor in 0.00 ms.
Mono: successfully reloaded assembly
- Completed reload, in  1.096 seconds
Domain Reload Profiling:
	ReloadAssembly (1097ms)
		BeginReloadAssembly (119ms)
			ExecutionOrderSort (0ms)
			DisableScriptedObjects (0ms)
			BackupInstance (0ms)
			ReleaseScriptingObjects (0ms)
			CreateAndSetChildDomain (1ms)
		EndReloadAssembly (794ms)
			LoadAssemblies (116ms)
			RebuildTransferFunctionScriptingTraits (0ms)
			SetupTypeCache (178ms)
			ReleaseScriptCaches (0ms)
			RebuildScriptCaches (48ms)
			SetupLoadedEditorAssemblies (482ms)
				LogAssemblyErrors (0ms)
				InitializePlatformSupportModulesInManaged (13ms)
				SetLoadedEditorAssemblies (0ms)
				RefreshPlugins (134ms)
				BeforeProcessingInitializeOnLoad (2ms)
				ProcessInitializeOnLoadAttributes (253ms)
				ProcessInitializeOnLoadMethodAttributes (80ms)
				AfterProcessingInitializeOnLoad (0ms)
				EditorAssembliesLoaded (0ms)
			ExecutionOrderSort2 (0ms)
			AwakeInstancesAfterBackupRestoration (0ms)
Platform modules already initialized, skipping
Registering precompiled user dll's ...
Registered in 0.010170 seconds.
Begin MonoManager ReloadAssembly
Native extension for WindowsStandalone target not found
Refreshing native plugins compatible for Editor in 0.91 ms, found 3 plugins.
Preloading 0 native plugins for Editor in 0.00 ms.
Mono: successfully reloaded assembly
- Completed reload, in  1.919 seconds
Domain Reload Profiling:
	ReloadAssembly (1920ms)
		BeginReloadAssembly (184ms)
			ExecutionOrderSort (0ms)
			DisableScriptedObjects (10ms)
			BackupInstance (0ms)
			ReleaseScriptingObjects (0ms)
			CreateAndSetChildDomain (31ms)
		EndReloadAssembly (1536ms)
			LoadAssemblies (229ms)
			RebuildTransferFunctionScriptingTraits (0ms)
			SetupTypeCache (494ms)
			ReleaseScriptCaches (1ms)
			RebuildScriptCaches (84ms)
			SetupLoadedEditorAssemblies (648ms)
				LogAssemblyErrors (0ms)
				InitializePlatformSupportModulesInManaged (9ms)
				SetLoadedEditorAssemblies (1ms)
				RefreshPlugins (1ms)
				BeforeProcessingInitializeOnLoad (150ms)
				ProcessInitializeOnLoadAttributes (425ms)
				ProcessInitializeOnLoadMethodAttributes (51ms)
				AfterProcessingInitializeOnLoad (11ms)
				EditorAssembliesLoaded (0ms)
			ExecutionOrderSort2 (0ms)
			AwakeInstancesAfterBackupRestoration (12ms)
Platform modules already initialized, skipping
========================================================================
Worker process is ready to serve import requests
Launched and connected shader compiler UnityShaderCompiler.exe after 0.10 seconds
Refreshing native plugins compatible for Editor in 1.40 ms, found 3 plugins.
Preloading 0 native plugins for Editor in 0.00 ms.
Unloading 3422 Unused Serialized files (Serialized files now loaded: 0)
Unloading 25 unused Assets / (56.1 KB). Loaded Objects now: 3884.
Memory consumption went from 119.8 MB to 119.8 MB.
Total: 7.721500 ms (FindLiveObjects: 0.446300 ms CreateObjectMapping: 0.379200 ms MarkObjects: 6.779800 ms  DeleteObjects: 0.114300 ms)

AssetImportParameters requested are different than current active one (requested -> active):
  custom:video-decoder-ogg-theora: a1e56fd34408186e4bbccfd4996cb3dc -> 
  custom:container-muxer-webm: aa71ff27fc2769a1b78a27578f13a17b -> 
  custom:container-demuxer-webm: 4f35f7cbe854078d1ac9338744f61a02 -> 
  custom:video-encoder-webm-vp8: eb34c28f22e8b96e1ab97ce403110664 -> 
  custom:video-codec-MediaFoundation-h265: 746d11721c4dcdbdad8f713fa42b33f4 -> 
  custom:audio-encoder-webm-vorbis: bf7c407c2cedff20999df2af8eb42d56 -> 
  custom:framework-win-MediaFoundation: 216162199b28c13a410421893ffa2e32 -> 
  custom:container-demuxer-ogg: 62fdf1f143b41e24485cea50d1cbac27 -> 
  custom:video-decoder-webm-vp8: 9c59270c3fd7afecdb556c50c9e8de78 -> 
  custom:audio-decoder-ogg-vorbis: bf7c407c2cedff20999df2af8eb42d56 -> 
========================================================================
Received Import Request.
  Time since last request: 3986.223193 seconds.
  path: Assets/Mapa/Piso/Piso_021.fbx
  artifactKey: Guid(d4c208fcaa76b9e4f823b8799061a80d) Importer(815301076,1909f56bfc062723c751e8b465ee728b)
Start importing Assets/Mapa/Piso/Piso_021.fbx using Guid(d4c208fcaa76b9e4f823b8799061a80d) Importer(815301076,1909f56bfc062723c751e8b465ee728b)  -> (artifact id: 'c59309fade566e445ace87c14cc6a327') in 0.687723 seconds 
========================================================================
Received Import Request.
  Time since last request: 0.000056 seconds.
  path: Assets/Mapa/Piso/Piso_007.fbx
  artifactKey: Guid(0be8735fc1072804ba83f4a52a6df1e0) Importer(815301076,1909f56bfc062723c751e8b465ee728b)
Start importing Assets/Mapa/Piso/Piso_007.fbx using Guid(0be8735fc1072804ba83f4a52a6df1e0) Importer(815301076,1909f56bfc062723c751e8b465ee728b)  -> (artifact id: 'e1355beb1a4dee82aafc5595c67267bc') in 0.066773 seconds 
========================================================================
Received Import Request.
  Time since last request: 0.000057 seconds.
  path: Assets/Mapa/Piso/Piso_016.fbx
  artifactKey: Guid(1b92d034f0f1693459151ab365ca7a94) Importer(815301076,1909f56bfc062723c751e8b465ee728b)
Start importing Assets/Mapa/Piso/Piso_016.fbx using Guid(1b92d034f0f1693459151ab365ca7a94) Importer(815301076,1909f56bfc062723c751e8b465ee728b)  -> (artifact id: '06ca6b7b09095d217f7029e716864aa4') in 0.053051 seconds 
========================================================================
Received Import Request.
  Time since last request: 0.000026 seconds.
  path: Assets/Mapa/Piso/Piso_013.fbx
  artifactKey: Guid(eedda46736d3d034d804fabe3a45f64e) Importer(815301076,1909f56bfc062723c751e8b465ee728b)
Start importing Assets/Mapa/Piso/Piso_013.fbx using Guid(eedda46736d3d034d804fabe3a45f64e) Importer(815301076,1909f56bfc062723c751e8b465ee728b)  -> (artifact id: 'cc20a3f2e5fe3dd9cf206787c944f5aa') in 0.058915 seconds 
========================================================================
Received Import Request.
  Time since last request: 0.000039 seconds.
  path: Assets/Mapa/Piso/Piso_002.fbx
  artifactKey: Guid(cc4a514c89731cb48b453b2b015775f4) Importer(815301076,1909f56bfc062723c751e8b465ee728b)
Start importing Assets/Mapa/Piso/Piso_002.fbx using Guid(cc4a514c89731cb48b453b2b015775f4) Importer(815301076,1909f56bfc062723c751e8b465ee728b)  -> (artifact id: '1ca28f256b2523a47b0a252e1cf9cc94') in 0.045220 seconds 
========================================================================
Received Import Request.
  Time since last request: 0.000026 seconds.
  path: Assets/Mapa/Piso/Piso_019.fbx
  artifactKey: Guid(788ee6e0ad815464f817f73617635727) Importer(815301076,1909f56bfc062723c751e8b465ee728b)
Start importing Assets/Mapa/Piso/Piso_019.fbx using Guid(788ee6e0ad815464f817f73617635727) Importer(815301076,1909f56bfc062723c751e8b465ee728b)  -> (artifact id: '8d00b040b183563a6a87a5960991d088') in 0.048199 seconds 
========================================================================
Received Import Request.
  Time since last request: 0.000033 seconds.
  path: Assets/Mapa/Piso/Piso_017.fbx
  artifactKey: Guid(32aaaa65bba190747af0ae10ec083f99) Importer(815301076,1909f56bfc062723c751e8b465ee728b)
Start importing Assets/Mapa/Piso/Piso_017.fbx using Guid(32aaaa65bba190747af0ae10ec083f99) Importer(815301076,1909f56bfc062723c751e8b465ee728b)  -> (artifact id: 'd3ce9139ff4340743ab8902ff5a5b8e3') in 0.045336 seconds 
========================================================================
Received Import Request.
  Time since last request: 227.966942 seconds.
  path: Assets/Mapa/Piso/Piso_009.fbx
  artifactKey: Guid(f66e54c12abe5ef458ea356b38c831c0) Importer(815301076,1909f56bfc062723c751e8b465ee728b)
Start importing Assets/Mapa/Piso/Piso_009.fbx using Guid(f66e54c12abe5ef458ea356b38c831c0) Importer(815301076,1909f56bfc062723c751e8b465ee728b)  -> (artifact id: 'c0338a6d72d243d1078089cac8b8dc54') in 0.092494 seconds 
AssetImportWorkerClient::OnTransportError - code=10054 error=Se ha forzado la interrupción de una conexión existente por el host remoto.
