Using pre-set license
Built from '2021.3/staging' branch; Version is '2021.3.11f1 (0a5ca18544bf) revision 679073'; Using compiler version '192829333'; Build Type 'Release'
OS: 'Windows 11  (10.0.22621) 64bit CoreSingleLanguage' Language: 'es' Physical Memory: 8042 MB
BatchMode: 1, IsHumanControllingUs: 0, StartBugReporterOnCrash: 0, Is64bit: 1, IsPro: 1

COMMAND LINE ARGUMENTS:
C:\Program Files\Unity\Hub\Editor\2021.3.11f1\Editor\Unity.exe
-adb2
-batchMode
-noUpm
-name
AssetImportWorker1
-projectPath
C:/Users/yoaks/Documents/GitHub/HorrorGame/HorrorGame
-logFile
Logs/AssetImportWorker1.log
-srvPort
49937
Successfully changed project path to: C:/Users/yoaks/Documents/GitHub/HorrorGame/HorrorGame
C:/Users/yoaks/Documents/GitHub/HorrorGame/HorrorGame
[UnityMemory] Configuration Parameters - Can be set up in boot.config
    "memorysetup-bucket-allocator-granularity=16"
    "memorysetup-bucket-allocator-bucket-count=8"
    "memorysetup-bucket-allocator-block-size=33554432"
    "memorysetup-bucket-allocator-block-count=8"
    "memorysetup-main-allocator-block-size=16777216"
    "memorysetup-thread-allocator-block-size=16777216"
    "memorysetup-gfx-main-allocator-block-size=16777216"
    "memorysetup-gfx-thread-allocator-block-size=16777216"
    "memorysetup-cache-allocator-block-size=4194304"
    "memorysetup-typetree-allocator-block-size=2097152"
    "memorysetup-profiler-bucket-allocator-granularity=16"
    "memorysetup-profiler-bucket-allocator-bucket-count=8"
    "memorysetup-profiler-bucket-allocator-block-size=33554432"
    "memorysetup-profiler-bucket-allocator-block-count=8"
    "memorysetup-profiler-allocator-block-size=16777216"
    "memorysetup-profiler-editor-allocator-block-size=1048576"
    "memorysetup-temp-allocator-size-main=16777216"
    "memorysetup-job-temp-allocator-block-size=2097152"
    "memorysetup-job-temp-allocator-block-size-background=1048576"
    "memorysetup-job-temp-allocator-reduction-small-platforms=262144"
    "memorysetup-temp-allocator-size-background-worker=32768"
    "memorysetup-temp-allocator-size-job-worker=262144"
    "memorysetup-temp-allocator-size-preload-manager=33554432"
    "memorysetup-temp-allocator-size-nav-mesh-worker=65536"
    "memorysetup-temp-allocator-size-audio-worker=65536"
    "memorysetup-temp-allocator-size-cloud-worker=32768"
    "memorysetup-temp-allocator-size-gi-baking-worker=262144"
    "memorysetup-temp-allocator-size-gfx=262144"
Refreshing native plugins compatible for Editor in 149.43 ms, found 3 plugins.
Preloading 0 native plugins for Editor in 0.00 ms.
Initialize engine version: 2021.3.11f1 (0a5ca18544bf)
[Subsystems] Discovering subsystems at path C:/Program Files/Unity/Hub/Editor/2021.3.11f1/Editor/Data/Resources/UnitySubsystems
[Subsystems] Discovering subsystems at path C:/Users/yoaks/Documents/GitHub/HorrorGame/HorrorGame/Assets
GfxDevice: creating device client; threaded=0; jobified=0
Direct3D:
    Version:  Direct3D 11.0 [level 11.1]
    Renderer: NVIDIA GeForce GTX 1650 (ID=0x1f91)
    Vendor:   NVIDIA
    VRAM:     3962 MB
    Driver:   30.0.15.1278
Initialize mono
Mono path[0] = 'C:/Program Files/Unity/Hub/Editor/2021.3.11f1/Editor/Data/Managed'
Mono path[1] = 'C:/Program Files/Unity/Hub/Editor/2021.3.11f1/Editor/Data/MonoBleedingEdge/lib/mono/unityjit-win32'
Mono config path = 'C:/Program Files/Unity/Hub/Editor/2021.3.11f1/Editor/Data/MonoBleedingEdge/etc'
Using monoOptions --debugger-agent=transport=dt_socket,embedding=1,server=y,suspend=n,address=127.0.0.1:56220
Begin MonoManager ReloadAssembly
Registering precompiled unity dll's ...
Register platform support module: C:/Program Files/Unity/Hub/Editor/2021.3.11f1/Editor/Data/PlaybackEngines/WindowsStandaloneSupport/UnityEditor.WindowsStandalone.Extensions.dll
Registered in 0.007976 seconds.
Native extension for WindowsStandalone target not found
Refreshing native plugins compatible for Editor in 139.79 ms, found 3 plugins.
Preloading 0 native plugins for Editor in 0.00 ms.
Mono: successfully reloaded assembly
- Completed reload, in  1.203 seconds
Domain Reload Profiling:
	ReloadAssembly (1203ms)
		BeginReloadAssembly (186ms)
			ExecutionOrderSort (0ms)
			DisableScriptedObjects (0ms)
			BackupInstance (0ms)
			ReleaseScriptingObjects (0ms)
			CreateAndSetChildDomain (1ms)
		EndReloadAssembly (802ms)
			LoadAssemblies (182ms)
			RebuildTransferFunctionScriptingTraits (0ms)
			SetupTypeCache (179ms)
			ReleaseScriptCaches (0ms)
			RebuildScriptCaches (50ms)
			SetupLoadedEditorAssemblies (488ms)
				LogAssemblyErrors (0ms)
				InitializePlatformSupportModulesInManaged (12ms)
				SetLoadedEditorAssemblies (0ms)
				RefreshPlugins (140ms)
				BeforeProcessingInitializeOnLoad (2ms)
				ProcessInitializeOnLoadAttributes (253ms)
				ProcessInitializeOnLoadMethodAttributes (81ms)
				AfterProcessingInitializeOnLoad (0ms)
				EditorAssembliesLoaded (0ms)
			ExecutionOrderSort2 (0ms)
			AwakeInstancesAfterBackupRestoration (0ms)
Platform modules already initialized, skipping
Registering precompiled user dll's ...
Registered in 0.028695 seconds.
Begin MonoManager ReloadAssembly
Native extension for WindowsStandalone target not found
Refreshing native plugins compatible for Editor in 0.83 ms, found 3 plugins.
Preloading 0 native plugins for Editor in 0.00 ms.
Mono: successfully reloaded assembly
- Completed reload, in  1.912 seconds
Domain Reload Profiling:
	ReloadAssembly (1913ms)
		BeginReloadAssembly (182ms)
			ExecutionOrderSort (0ms)
			DisableScriptedObjects (10ms)
			BackupInstance (0ms)
			ReleaseScriptingObjects (0ms)
			CreateAndSetChildDomain (32ms)
		EndReloadAssembly (1528ms)
			LoadAssemblies (230ms)
			RebuildTransferFunctionScriptingTraits (0ms)
			SetupTypeCache (475ms)
			ReleaseScriptCaches (1ms)
			RebuildScriptCaches (82ms)
			SetupLoadedEditorAssemblies (666ms)
				LogAssemblyErrors (0ms)
				InitializePlatformSupportModulesInManaged (9ms)
				SetLoadedEditorAssemblies (1ms)
				RefreshPlugins (1ms)
				BeforeProcessingInitializeOnLoad (151ms)
				ProcessInitializeOnLoadAttributes (438ms)
				ProcessInitializeOnLoadMethodAttributes (55ms)
				AfterProcessingInitializeOnLoad (11ms)
				EditorAssembliesLoaded (0ms)
			ExecutionOrderSort2 (0ms)
			AwakeInstancesAfterBackupRestoration (12ms)
Platform modules already initialized, skipping
========================================================================
Worker process is ready to serve import requests
Launched and connected shader compiler UnityShaderCompiler.exe after 0.10 seconds
Refreshing native plugins compatible for Editor in 1.36 ms, found 3 plugins.
Preloading 0 native plugins for Editor in 0.00 ms.
Unloading 3422 Unused Serialized files (Serialized files now loaded: 0)
Unloading 25 unused Assets / (56.1 KB). Loaded Objects now: 3884.
Memory consumption went from 119.8 MB to 119.8 MB.
Total: 7.602600 ms (FindLiveObjects: 0.416400 ms CreateObjectMapping: 0.346900 ms MarkObjects: 6.678200 ms  DeleteObjects: 0.159200 ms)

AssetImportParameters requested are different than current active one (requested -> active):
  custom:video-decoder-ogg-theora: a1e56fd34408186e4bbccfd4996cb3dc -> 
  custom:container-muxer-webm: aa71ff27fc2769a1b78a27578f13a17b -> 
  custom:container-demuxer-webm: 4f35f7cbe854078d1ac9338744f61a02 -> 
  custom:video-encoder-webm-vp8: eb34c28f22e8b96e1ab97ce403110664 -> 
  custom:video-codec-MediaFoundation-h265: 746d11721c4dcdbdad8f713fa42b33f4 -> 
  custom:audio-encoder-webm-vorbis: bf7c407c2cedff20999df2af8eb42d56 -> 
  custom:framework-win-MediaFoundation: 216162199b28c13a410421893ffa2e32 -> 
  custom:container-demuxer-ogg: 62fdf1f143b41e24485cea50d1cbac27 -> 
  custom:video-decoder-webm-vp8: 9c59270c3fd7afecdb556c50c9e8de78 -> 
  custom:audio-decoder-ogg-vorbis: bf7c407c2cedff20999df2af8eb42d56 -> 
========================================================================
Received Import Request.
  Time since last request: 3986.222793 seconds.
  path: Assets/Mapa/Piso/Piso_012.fbx
  artifactKey: Guid(0679fff2e22f72345b999274b1e4bfdb) Importer(815301076,1909f56bfc062723c751e8b465ee728b)
Start importing Assets/Mapa/Piso/Piso_012.fbx using Guid(0679fff2e22f72345b999274b1e4bfdb) Importer(815301076,1909f56bfc062723c751e8b465ee728b)  -> (artifact id: 'ee3564448f6ccbda489f1997d9f77196') in 0.675135 seconds 
========================================================================
Received Import Request.
  Time since last request: 0.000039 seconds.
  path: Assets/Mapa/Piso/Piso_022.fbx
  artifactKey: Guid(cc46a3b81456d5444b04a94baaabf71a) Importer(815301076,1909f56bfc062723c751e8b465ee728b)
Start importing Assets/Mapa/Piso/Piso_022.fbx using Guid(cc46a3b81456d5444b04a94baaabf71a) Importer(815301076,1909f56bfc062723c751e8b465ee728b)  -> (artifact id: '95cf93d09fefeb68f7c7210758eb652e') in 0.062896 seconds 
========================================================================
Received Import Request.
  Time since last request: 0.000056 seconds.
  path: Assets/Mapa/Piso/Piso_003.fbx
  artifactKey: Guid(0b61282fddc8960409398bcb269ee5fe) Importer(815301076,1909f56bfc062723c751e8b465ee728b)
Start importing Assets/Mapa/Piso/Piso_003.fbx using Guid(0b61282fddc8960409398bcb269ee5fe) Importer(815301076,1909f56bfc062723c751e8b465ee728b)  -> (artifact id: 'b56203438fb37161224cd43133af7043') in 0.054644 seconds 
========================================================================
Received Import Request.
  Time since last request: 0.000045 seconds.
  path: Assets/Mapa/Piso/Piso_020.fbx
  artifactKey: Guid(076a3b1532fbf1e4595ccf7187e2c0a2) Importer(815301076,1909f56bfc062723c751e8b465ee728b)
Start importing Assets/Mapa/Piso/Piso_020.fbx using Guid(076a3b1532fbf1e4595ccf7187e2c0a2) Importer(815301076,1909f56bfc062723c751e8b465ee728b)  -> (artifact id: 'c8f42f33804e81c8fe7aa40368c63220') in 0.061830 seconds 
========================================================================
Received Import Request.
  Time since last request: 0.000035 seconds.
  path: Assets/Mapa
  artifactKey: Guid(30ef6cd5798e3904a90a8e6309d5644a) Importer(815301076,1909f56bfc062723c751e8b465ee728b)
Start importing Assets/Mapa using Guid(30ef6cd5798e3904a90a8e6309d5644a) Importer(815301076,1909f56bfc062723c751e8b465ee728b)  -> (artifact id: 'b1d1762301203ae99aeb1ef1a1702769') in 0.009539 seconds 
========================================================================
Received Import Request.
  Time since last request: 0.000043 seconds.
  path: Assets/Mapa/Piso/Piso_018.fbx
  artifactKey: Guid(130e17e51fb5d7542bfec2ebc6f46699) Importer(815301076,1909f56bfc062723c751e8b465ee728b)
Start importing Assets/Mapa/Piso/Piso_018.fbx using Guid(130e17e51fb5d7542bfec2ebc6f46699) Importer(815301076,1909f56bfc062723c751e8b465ee728b)  -> (artifact id: '02b7bfc224fdba3b069d0484aad2d605') in 0.058685 seconds 
========================================================================
Received Import Request.
  Time since last request: 0.000063 seconds.
  path: Assets/Mapa/Piso/Piso_011.fbx
  artifactKey: Guid(1e334dce46db2d84eb09aba3b5385228) Importer(815301076,1909f56bfc062723c751e8b465ee728b)
Start importing Assets/Mapa/Piso/Piso_011.fbx using Guid(1e334dce46db2d84eb09aba3b5385228) Importer(815301076,1909f56bfc062723c751e8b465ee728b)  -> (artifact id: 'f15b5c960fe2ae7587ffa57e028181e4') in 0.047641 seconds 
========================================================================
Received Import Request.
  Time since last request: 0.000055 seconds.
  path: Assets/Mapa/Piso/Piso_005.fbx
  artifactKey: Guid(083b4aabc53f87e488791735bb657e26) Importer(815301076,1909f56bfc062723c751e8b465ee728b)
Start importing Assets/Mapa/Piso/Piso_005.fbx using Guid(083b4aabc53f87e488791735bb657e26) Importer(815301076,1909f56bfc062723c751e8b465ee728b)  -> (artifact id: '26214198377d9018d5ea7dedc0e30282') in 0.042758 seconds 
========================================================================
Received Import Request.
  Time since last request: 227.948022 seconds.
  path: Assets/Mapa/Piso/Piso_010.fbx
  artifactKey: Guid(fbc1d0b4a73a2764e8733d4d66681639) Importer(815301076,1909f56bfc062723c751e8b465ee728b)
Start importing Assets/Mapa/Piso/Piso_010.fbx using Guid(fbc1d0b4a73a2764e8733d4d66681639) Importer(815301076,1909f56bfc062723c751e8b465ee728b)  -> (artifact id: '92074852ed8fa1629fc0c0801221a2a3') in 0.094887 seconds 
