Using pre-set license
Built from '2021.3/staging' branch; Version is '2021.3.11f1 (0a5ca18544bf) revision 679073'; Using compiler version '192829333'; Build Type 'Release'
OS: 'Windows 11  (10.0.22621) 64bit CoreSingleLanguage' Language: 'es' Physical Memory: 8042 MB
BatchMode: 1, IsHumanControllingUs: 0, StartBugReporterOnCrash: 0, Is64bit: 1, IsPro: 1

COMMAND LINE ARGUMENTS:
C:\Program Files\Unity\Hub\Editor\2021.3.11f1\Editor\Unity.exe
-adb2
-batchMode
-noUpm
-name
AssetImportWorker3
-projectPath
C:/Users/yoaks/Documents/GitHub/HorrorGame/HorrorGame
-logFile
Logs/AssetImportWorker3.log
-srvPort
65013
Successfully changed project path to: C:/Users/yoaks/Documents/GitHub/HorrorGame/HorrorGame
C:/Users/yoaks/Documents/GitHub/HorrorGame/HorrorGame
[UnityMemory] Configuration Parameters - Can be set up in boot.config
    "memorysetup-bucket-allocator-granularity=16"
    "memorysetup-bucket-allocator-bucket-count=8"
    "memorysetup-bucket-allocator-block-size=33554432"
    "memorysetup-bucket-allocator-block-count=8"
    "memorysetup-main-allocator-block-size=16777216"
    "memorysetup-thread-allocator-block-size=16777216"
    "memorysetup-gfx-main-allocator-block-size=16777216"
    "memorysetup-gfx-thread-allocator-block-size=16777216"
    "memorysetup-cache-allocator-block-size=4194304"
    "memorysetup-typetree-allocator-block-size=2097152"
    "memorysetup-profiler-bucket-allocator-granularity=16"
    "memorysetup-profiler-bucket-allocator-bucket-count=8"
    "memorysetup-profiler-bucket-allocator-block-size=33554432"
    "memorysetup-profiler-bucket-allocator-block-count=8"
    "memorysetup-profiler-allocator-block-size=16777216"
    "memorysetup-profiler-editor-allocator-block-size=1048576"
    "memorysetup-temp-allocator-size-main=16777216"
    "memorysetup-job-temp-allocator-block-size=2097152"
    "memorysetup-job-temp-allocator-block-size-background=1048576"
    "memorysetup-job-temp-allocator-reduction-small-platforms=262144"
    "memorysetup-temp-allocator-size-background-worker=32768"
    "memorysetup-temp-allocator-size-job-worker=262144"
    "memorysetup-temp-allocator-size-preload-manager=33554432"
    "memorysetup-temp-allocator-size-nav-mesh-worker=65536"
    "memorysetup-temp-allocator-size-audio-worker=65536"
    "memorysetup-temp-allocator-size-cloud-worker=32768"
    "memorysetup-temp-allocator-size-gi-baking-worker=262144"
    "memorysetup-temp-allocator-size-gfx=262144"
Refreshing native plugins compatible for Editor in 171.13 ms, found 3 plugins.
Preloading 0 native plugins for Editor in 0.00 ms.
Initialize engine version: 2021.3.11f1 (0a5ca18544bf)
[Subsystems] Discovering subsystems at path C:/Program Files/Unity/Hub/Editor/2021.3.11f1/Editor/Data/Resources/UnitySubsystems
[Subsystems] Discovering subsystems at path C:/Users/yoaks/Documents/GitHub/HorrorGame/HorrorGame/Assets
GfxDevice: creating device client; threaded=0; jobified=0
Direct3D:
    Version:  Direct3D 11.0 [level 11.1]
    Renderer: NVIDIA GeForce GTX 1650 (ID=0x1f91)
    Vendor:   NVIDIA
    VRAM:     3962 MB
    Driver:   30.0.15.1278
Initialize mono
Mono path[0] = 'C:/Program Files/Unity/Hub/Editor/2021.3.11f1/Editor/Data/Managed'
Mono path[1] = 'C:/Program Files/Unity/Hub/Editor/2021.3.11f1/Editor/Data/MonoBleedingEdge/lib/mono/unityjit-win32'
Mono config path = 'C:/Program Files/Unity/Hub/Editor/2021.3.11f1/Editor/Data/MonoBleedingEdge/etc'
Using monoOptions --debugger-agent=transport=dt_socket,embedding=1,server=y,suspend=n,address=127.0.0.1:56524
Begin MonoManager ReloadAssembly
Registering precompiled unity dll's ...
Register platform support module: C:/Program Files/Unity/Hub/Editor/2021.3.11f1/Editor/Data/PlaybackEngines/WindowsStandaloneSupport/UnityEditor.WindowsStandalone.Extensions.dll
Registered in 0.010418 seconds.
Native extension for WindowsStandalone target not found
Refreshing native plugins compatible for Editor in 133.55 ms, found 3 plugins.
Preloading 0 native plugins for Editor in 0.00 ms.
Mono: successfully reloaded assembly
- Completed reload, in  1.154 seconds
Domain Reload Profiling:
	ReloadAssembly (1154ms)
		BeginReloadAssembly (188ms)
			ExecutionOrderSort (0ms)
			DisableScriptedObjects (0ms)
			BackupInstance (0ms)
			ReleaseScriptingObjects (0ms)
			CreateAndSetChildDomain (1ms)
		EndReloadAssembly (783ms)
			LoadAssemblies (185ms)
			RebuildTransferFunctionScriptingTraits (1ms)
			SetupTypeCache (181ms)
			ReleaseScriptCaches (0ms)
			RebuildScriptCaches (48ms)
			SetupLoadedEditorAssemblies (471ms)
				LogAssemblyErrors (0ms)
				InitializePlatformSupportModulesInManaged (12ms)
				SetLoadedEditorAssemblies (0ms)
				RefreshPlugins (134ms)
				BeforeProcessingInitializeOnLoad (2ms)
				ProcessInitializeOnLoadAttributes (243ms)
				ProcessInitializeOnLoadMethodAttributes (80ms)
				AfterProcessingInitializeOnLoad (0ms)
				EditorAssembliesLoaded (0ms)
			ExecutionOrderSort2 (0ms)
			AwakeInstancesAfterBackupRestoration (0ms)
Platform modules already initialized, skipping
Registering precompiled user dll's ...
Registered in 0.024689 seconds.
Begin MonoManager ReloadAssembly
Native extension for WindowsStandalone target not found
Refreshing native plugins compatible for Editor in 0.79 ms, found 3 plugins.
Preloading 0 native plugins for Editor in 0.00 ms.
Mono: successfully reloaded assembly
- Completed reload, in  1.810 seconds
Domain Reload Profiling:
	ReloadAssembly (1812ms)
		BeginReloadAssembly (178ms)
			ExecutionOrderSort (0ms)
			DisableScriptedObjects (10ms)
			BackupInstance (0ms)
			ReleaseScriptingObjects (0ms)
			CreateAndSetChildDomain (34ms)
		EndReloadAssembly (1437ms)
			LoadAssemblies (211ms)
			RebuildTransferFunctionScriptingTraits (0ms)
			SetupTypeCache (440ms)
			ReleaseScriptCaches (1ms)
			RebuildScriptCaches (80ms)
			SetupLoadedEditorAssemblies (636ms)
				LogAssemblyErrors (0ms)
				InitializePlatformSupportModulesInManaged (9ms)
				SetLoadedEditorAssemblies (1ms)
				RefreshPlugins (1ms)
				BeforeProcessingInitializeOnLoad (142ms)
				ProcessInitializeOnLoadAttributes (416ms)
				ProcessInitializeOnLoadMethodAttributes (55ms)
				AfterProcessingInitializeOnLoad (11ms)
				EditorAssembliesLoaded (0ms)
			ExecutionOrderSort2 (0ms)
			AwakeInstancesAfterBackupRestoration (10ms)
Platform modules already initialized, skipping
========================================================================
Worker process is ready to serve import requests
Launched and connected shader compiler UnityShaderCompiler.exe after 0.08 seconds
Refreshing native plugins compatible for Editor in 0.89 ms, found 3 plugins.
Preloading 0 native plugins for Editor in 0.00 ms.
Unloading 3422 Unused Serialized files (Serialized files now loaded: 0)
Unloading 25 unused Assets / (56.1 KB). Loaded Objects now: 3884.
Memory consumption went from 120.2 MB to 120.1 MB.
Total: 5.054700 ms (FindLiveObjects: 0.366200 ms CreateObjectMapping: 0.282200 ms MarkObjects: 4.297000 ms  DeleteObjects: 0.107900 ms)

AssetImportParameters requested are different than current active one (requested -> active):
  custom:video-decoder-ogg-theora: a1e56fd34408186e4bbccfd4996cb3dc -> 
  custom:container-muxer-webm: aa71ff27fc2769a1b78a27578f13a17b -> 
  custom:container-demuxer-webm: 4f35f7cbe854078d1ac9338744f61a02 -> 
  custom:video-encoder-webm-vp8: eb34c28f22e8b96e1ab97ce403110664 -> 
  custom:video-codec-MediaFoundation-h265: 746d11721c4dcdbdad8f713fa42b33f4 -> 
  custom:audio-encoder-webm-vorbis: bf7c407c2cedff20999df2af8eb42d56 -> 
  custom:framework-win-MediaFoundation: 216162199b28c13a410421893ffa2e32 -> 
  custom:container-demuxer-ogg: 62fdf1f143b41e24485cea50d1cbac27 -> 
  custom:video-decoder-webm-vp8: 9c59270c3fd7afecdb556c50c9e8de78 -> 
  custom:audio-decoder-ogg-vorbis: bf7c407c2cedff20999df2af8eb42d56 -> 
========================================================================
Received Import Request.
  Time since last request: 88290.528798 seconds.
  path: Assets/Mapa/Marcos/Marco_02.fbx
  artifactKey: Guid(a8146db3202b302478f52fea1cc436e2) Importer(815301076,1909f56bfc062723c751e8b465ee728b)
Start importing Assets/Mapa/Marcos/Marco_02.fbx using Guid(a8146db3202b302478f52fea1cc436e2) Importer(815301076,1909f56bfc062723c751e8b465ee728b)  -> (artifact id: 'bd758311a693b8c2da4a9efcac95aeb6') in 0.363468 seconds 
========================================================================
Received Import Request.
  Time since last request: 0.000090 seconds.
  path: Assets/Mapa/Marcos/Marco_17.fbx
  artifactKey: Guid(c9de223a3f43f4f418a3baac175fe3d3) Importer(815301076,1909f56bfc062723c751e8b465ee728b)
Start importing Assets/Mapa/Marcos/Marco_17.fbx using Guid(c9de223a3f43f4f418a3baac175fe3d3) Importer(815301076,1909f56bfc062723c751e8b465ee728b)  -> (artifact id: 'fd81f7a2695dd67cc0ac42078a6c3dd7') in 0.045887 seconds 
========================================================================
Received Import Request.
  Time since last request: 0.000043 seconds.
  path: Assets/Mapa/Marcos/Marco_16.fbx
  artifactKey: Guid(229f7dfab80af41458610cc04e1bbd07) Importer(815301076,1909f56bfc062723c751e8b465ee728b)
Start importing Assets/Mapa/Marcos/Marco_16.fbx using Guid(229f7dfab80af41458610cc04e1bbd07) Importer(815301076,1909f56bfc062723c751e8b465ee728b)  -> (artifact id: 'eee0e57ce5d230f13a73e44209488206') in 0.043213 seconds 
========================================================================
Received Import Request.
  Time since last request: 0.000030 seconds.
  path: Assets/Mapa/Marcos/Marco_10.fbx
  artifactKey: Guid(bba6debba3ca1d84094ab520eb694f43) Importer(815301076,1909f56bfc062723c751e8b465ee728b)
Start importing Assets/Mapa/Marcos/Marco_10.fbx using Guid(bba6debba3ca1d84094ab520eb694f43) Importer(815301076,1909f56bfc062723c751e8b465ee728b)  -> (artifact id: 'b67756dc463e39e62d678712154ce458') in 0.047676 seconds 
========================================================================
Received Import Request.
  Time since last request: 0.000068 seconds.
  path: Assets/Mapa/Marcos/Marco_06.fbx
  artifactKey: Guid(a7efb768262c8f74eaa970a3aad33884) Importer(815301076,1909f56bfc062723c751e8b465ee728b)
Start importing Assets/Mapa/Marcos/Marco_06.fbx using Guid(a7efb768262c8f74eaa970a3aad33884) Importer(815301076,1909f56bfc062723c751e8b465ee728b)  -> (artifact id: '221e9d58cda4ac59e35b1e8a3bb025ea') in 0.042125 seconds 
========================================================================
Received Import Request.
  Time since last request: 0.000040 seconds.
  path: Assets/Mapa/Marcos/Marco_19.fbx
  artifactKey: Guid(4e5c0cc0af8338c4fab6c13c1ee9bcb3) Importer(815301076,1909f56bfc062723c751e8b465ee728b)
Start importing Assets/Mapa/Marcos/Marco_19.fbx using Guid(4e5c0cc0af8338c4fab6c13c1ee9bcb3) Importer(815301076,1909f56bfc062723c751e8b465ee728b)  -> (artifact id: '44a9bb633ae48c1a74c4f5991dcede2e') in 0.040233 seconds 
========================================================================
Received Import Request.
  Time since last request: 0.000044 seconds.
  path: Assets/Mapa/Marcos/Marco_24.fbx
  artifactKey: Guid(fe7ee5b978fb20544973caf3eb75ca93) Importer(815301076,1909f56bfc062723c751e8b465ee728b)
Start importing Assets/Mapa/Marcos/Marco_24.fbx using Guid(fe7ee5b978fb20544973caf3eb75ca93) Importer(815301076,1909f56bfc062723c751e8b465ee728b)  -> (artifact id: '0f4d731c4bdb8498905bdd1cbaae9ce3') in 0.055889 seconds 
========================================================================
Received Import Request.
  Time since last request: 0.000061 seconds.
  path: Assets/Mapa/Marcos/Marco_21.fbx
  artifactKey: Guid(3647f269747370547b2be08acb992331) Importer(815301076,1909f56bfc062723c751e8b465ee728b)
Start importing Assets/Mapa/Marcos/Marco_21.fbx using Guid(3647f269747370547b2be08acb992331) Importer(815301076,1909f56bfc062723c751e8b465ee728b)  -> (artifact id: 'cc9dd676b32c9dee0b6347db661b68ff') in 0.041196 seconds 
========================================================================
Received Import Request.
  Time since last request: 0.000034 seconds.
  path: Assets/Mapa/Marcos/Marco_12.fbx
  artifactKey: Guid(bc37825b460dae04cae2c18f21bbd15f) Importer(815301076,1909f56bfc062723c751e8b465ee728b)
Start importing Assets/Mapa/Marcos/Marco_12.fbx using Guid(bc37825b460dae04cae2c18f21bbd15f) Importer(815301076,1909f56bfc062723c751e8b465ee728b)  -> (artifact id: '8c827936c3d4356a07b341960cfc9c80') in 0.042639 seconds 
